[21/08 20:02:40] Starting GitHub Watcher...
[21/08 20:02:41] => GitHub Watcher: was started...
[21/08 20:02:42] Quering git://github.com/aziz/tmuxinator.git...
[21/08 20:02:42] => aziz/tmuxinator: Was created
[21/08 20:02:43] Quering git://github.com/harvesthq/chosen.git...
[21/08 20:02:43] => harvesthq/chosen: Was created
[21/08 20:02:44] Quering git://github.com/plataformatec/simple_form.git...
[21/08 20:02:44] => plataformatec/simple_form: Was created
[21/08 20:02:47] Quering git://github.com/aziz/tmuxinator.git...
[21/08 20:02:48] Quering git://github.com/harvesthq/chosen.git...
[21/08 20:02:49] Quering git://github.com/plataformatec/simple_form.git...
[21/08 20:02:53] Quering git://github.com/aziz/tmuxinator.git...
[21/08 20:02:54] Quering git://github.com/harvesthq/chosen.git...
[21/08 20:02:55] Quering git://github.com/plataformatec/simple_form.git...
[21/08 20:02:59] Quering git://github.com/aziz/tmuxinator.git...
[21/08 20:03:00] Quering git://github.com/harvesthq/chosen.git...
[21/08 20:03:01] Quering git://github.com/plataformatec/simple_form.git...
[21/08 20:03:04] Quering git://github.com/aziz/tmuxinator.git...
[21/08 20:03:05] Quering git://github.com/harvesthq/chosen.git...
[21/08 20:03:06] Quering git://github.com/plataformatec/simple_form.git...
[21/08 20:03:09] Quering git://github.com/aziz/tmuxinator.git...
[21/08 20:03:10] Quering git://github.com/harvesthq/chosen.git...
[21/08 20:03:11] Quering git://github.com/plataformatec/simple_form.git...
[21/08 20:03:15] Quering git://github.com/aziz/tmuxinator.git...
[21/08 20:03:15] Quering git://github.com/harvesthq/chosen.git...
[21/08 20:03:16] Quering git://github.com/plataformatec/simple_form.git...
[21/08 20:03:20] Quering git://github.com/aziz/tmuxinator.git...
[21/08 20:03:21] Quering git://github.com/harvesthq/chosen.git...
[21/08 20:03:22] Quering git://github.com/plataformatec/simple_form.git...
[21/08 20:03:26] Quering git://github.com/aziz/tmuxinator.git...
[21/08 20:03:27] Quering git://github.com/harvesthq/chosen.git...
[21/08 20:03:28] Quering git://github.com/plataformatec/simple_form.git...
[21/08 20:03:32] Quering git://github.com/aziz/tmuxinator.git...
[21/08 20:03:33] Quering git://github.com/harvesthq/chosen.git...
[21/08 20:03:34] Quering git://github.com/plataformatec/simple_form.git...
[21/08 20:03:38] Quering git://github.com/aziz/tmuxinator.git...
[21/08 20:03:39] Quering git://github.com/harvesthq/chosen.git...
[21/08 20:03:39] Quering git://github.com/plataformatec/simple_form.git...
[21/08 20:03:44] Quering git://github.com/aziz/tmuxinator.git...
[21/08 20:03:45] Quering git://github.com/harvesthq/chosen.git...
[21/08 20:03:46] Quering git://github.com/plataformatec/simple_form.git...
[21/08 20:03:49] Quering git://github.com/aziz/tmuxinator.git...
[21/08 20:03:50] Quering git://github.com/harvesthq/chosen.git...
[21/08 20:03:51] Quering git://github.com/plataformatec/simple_form.git...
[21/08 20:03:55] Quering git://github.com/aziz/tmuxinator.git...
[21/08 20:03:56] Quering git://github.com/harvesthq/chosen.git...
[21/08 20:03:57] Quering git://github.com/plataformatec/simple_form.git...
[21/08 20:04:00] Quering git://github.com/aziz/tmuxinator.git...
[21/08 20:04:01] Quering git://github.com/harvesthq/chosen.git...
[21/08 20:04:02] Quering git://github.com/plataformatec/simple_form.git...
[21/08 20:04:06] Quering git://github.com/aziz/tmuxinator.git...
[21/08 20:04:07] Quering git://github.com/harvesthq/chosen.git...
[21/08 20:04:08] Quering git://github.com/plataformatec/simple_form.git...
[21/08 20:04:12] Quering git://github.com/aziz/tmuxinator.git...
[21/08 20:04:13] Quering git://github.com/harvesthq/chosen.git...
[21/08 20:04:14] Quering git://github.com/plataformatec/simple_form.git...
